<?xml version="1.0" encoding="UTF-8"?>
<testsuite xmlns:xsi="http://www.w3.org/2001/XMLSchema-instance" xsi:noNamespaceSchemaLocation="https://maven.apache.org/surefire/maven-surefire-plugin/xsd/surefire-test-report-3.0.xsd" version="3.0" name="br.com.margempositiva.backend.BackendApplicationTests" time="6.2" tests="1" errors="0" skipped="0" failures="0">
  <properties>
[...]
</properties>
  <testcase name="contextLoads" classname="br.com.margempositiva.backend.BackendApplicationTests" time="0.554">
    <system-out><![CDATA[22:51:31.047 [main] INFO org.springframework.test.context.support.AnnotationConfigContextLoaderUtils -- Could not detect default configuration classes for test class [br.com.margempositiva.backend.BackendApplicationTests]: BackendApplicationTests does not declare any static, non-private, non-final, nested classes annotated with @Configuration.
22:51:31.203 [main] INFO org.springframework.boot.test.context.SpringBootTestContextBootstrapper -- Found @SpringBootConfiguration br.com.margempositiva.backend.BackendApplication for test class br.com.margempositiva.backend.BackendApplicationTests
22:51:31.447 [main] INFO org.springframework.boot.devtools.restart.RestartApplicationListener -- Restart disabled due to context in which it is running

  .   ____          _            __ _ _
 /\\ / ___'_ __ _ _(_)_ __  __ _ \ \ \ \
( ( )\___ | '_ | '_| | '_ \/ _` | \ \ \ \
 \\/  ___)| |_)| | | | | || (_| |  ) ) ) )
  '  |____| .__|_| |_|_| |_\__, | / / / /
 =========|_|==============|___/=/_/_/_/

 :: Spring Boot ::                (v3.3.3)

2025-09-07T22:51:31.749-03:00  INFO 7324 --- [backend] [           main] b.c.m.backend.BackendApplicationTests    : Starting BackendApplicationTests using Java 21.0.2 with PID 7324 (started by gabriel in C:\Users\gabriel\Desktop\Projeto MargemPositiva\Margem-Positiva\backend)
2025-09-07T22:51:31.752-03:00  INFO 7324 --- [backend] [           main] b.c.m.backend.BackendApplicationTests    : No active profile set, falling back to 1 default profile: "default"
2025-09-07T22:51:32.658-03:00  INFO 7324 --- [backend] [           main] .s.d.r.c.RepositoryConfigurationDelegate : Bootstrapping Spring Data JPA repositories in DEFAULT mode.
2025-09-07T22:51:32.729-03:00  INFO 7324 --- [backend] [           main] .s.d.r.c.RepositoryConfigurationDelegate : Finished Spring Data repository scanning in 60 ms. Found 1 JPA repository interface.
2025-09-07T22:51:33.351-03:00  INFO 7324 --- [backend] [           main] o.hibernate.jpa.internal.util.LogHelper  : HHH000204: Processing PersistenceUnitInfo [name: default]
2025-09-07T22:51:33.433-03:00  INFO 7324 --- [backend] [           main] org.hibernate.Version                    : HHH000412: Hibernate ORM core version 6.5.2.Final
2025-09-07T22:51:33.482-03:00  INFO 7324 --- [backend] [           main] o.h.c.internal.RegionFactoryInitiator    : HHH000026: Second-level cache disabled
2025-09-07T22:51:33.871-03:00  INFO 7324 --- [backend] [           main] o.s.o.j.p.SpringPersistenceUnitInfo      : No LoadTimeWeaver setup: ignoring JPA class transformer
2025-09-07T22:51:33.909-03:00  INFO 7324 --- [backend] [           main] com.zaxxer.hikari.HikariDataSource       : HikariPool-1 - Starting...
2025-09-07T22:51:34.114-03:00  INFO 7324 --- [backend] [           main] com.zaxxer.hikari.pool.HikariPool        : HikariPool-1 - Added connection conn0: url=jdbc:h2:mem:d45dd7bb-1559-489b-9424-d118813d301d user=SA
2025-09-07T22:51:34.116-03:00  INFO 7324 --- [backend] [           main] com.zaxxer.hikari.HikariDataSource       : HikariPool-1 - Start completed.
2025-09-07T22:51:34.131-03:00  WARN 7324 --- [backend] [           main] org.hibernate.dialect.Dialect            : HHH000511: The 2.2.224 version for [org.hibernate.dialect.PostgreSQLDialect] is no longer supported, hence certain features may not work properly. The minimum supported version is 12.0.0. Check the community dialects project for available legacy versions.
2025-09-07T22:51:34.143-03:00  WARN 7324 --- [backend] [           main] org.hibernate.orm.deprecation            : HHH90000025: PostgreSQLDialect does not need to be specified explicitly using 'hibernate.dialect' (remove the property setting and it will be selected by default)
2025-09-07T22:51:35.109-03:00  INFO 7324 --- [backend] [           main] o.h.e.t.j.p.i.JtaPlatformInitiator       : HHH000489: No JTA platform available (set 'hibernate.transaction.jta.platform' to enable JTA platform integration)
Hibernate: create table usuario (id bigint generated by default as identity, cpf_cnpj varchar(18) not null, email varchar(100) not null, nome varchar(100) not null, senha varchar(255) not null, telefone varchar(20) not null, primary key (id))
Hibernate: alter table if exists usuario drop constraint if exists UKhocok4g75kwir3tsqbjlhaxci
Hibernate: alter table if exists usuario add constraint UKhocok4g75kwir3tsqbjlhaxci unique (cpf_cnpj)
Hibernate: alter table if exists usuario drop constraint if exists UK5171l57faosmj8myawaucatdw
Hibernate: alter table if exists usuario add constraint UK5171l57faosmj8myawaucatdw unique (email)
2025-09-07T22:51:35.173-03:00  INFO 7324 --- [backend] [           main] j.LocalContainerEntityManagerFactoryBean : Initialized JPA EntityManagerFactory for persistence unit 'default'
2025-09-07T22:51:35.781-03:00  WARN 7324 --- [backend] [           main] JpaBaseConfiguration$JpaWebConfiguration : spring.jpa.open-in-view is enabled by default. Therefore, database queries may be performed during view rendering. Explicitly configure spring.jpa.open-in-view to disable this warning
2025-09-07T22:51:36.196-03:00  WARN 7324 --- [backend] [           main] .s.s.UserDetailsServiceAutoConfiguration : 

Using generated security password: dd541115-8bc4-453b-a7d1-dcec8d479865

This generated password is for development use only. Your security configuration must be updated before running your application in production.

2025-09-07T22:51:36.224-03:00  INFO 7324 --- [backend] [           main] r$InitializeUserDetailsManagerConfigurer : Global AuthenticationManager configured with UserDetailsService bean with name inMemoryUserDetailsManager
2025-09-07T22:51:36.417-03:00  INFO 7324 --- [backend] [           main] b.c.m.backend.BackendApplicationTests    : Started BackendApplicationTests in 4.987 seconds (process running for 6.206)
]]></system-out>
    <system-err><![CDATA[WARNING: A Java agent has been loaded dynamically (C:\Users\gabriel\.m2\repository\net\bytebuddy\byte-buddy-agent\1.14.19\byte-buddy-agent-1.14.19.jar)
WARNING: If a serviceability tool is in use, please run with -XX:+EnableDynamicAgentLoading to hide this warning
WARNING: If a serviceability tool is not in use, please run with -Djdk.instrument.traceUsage for more information
WARNING: Dynamic loading of agents will be disallowed by default in a future release
]]></system-err>
  </testcase>
</testsuite>